<?xml version="1.0" encoding="UTF-8"?>
<!-- Generated by org.testng.reporters.JUnitReportReporter -->
<testsuite hostname="Lishanth" failures="0" tests="2" name="spicejettest.TC_013RoundtripCalendarEnableFunctoinality" time="19.697" errors="0" timestamp="2024-08-29T02:12:52 GST" skipped="0">
  <testcase classname="spicejettest.TC_013RoundtripCalendarEnableFunctoinality" name="tc_016_RoundTripEnabledValidation" time="10.551"/>
  <testcase classname="spicejettest.TC_013RoundtripCalendarEnableFunctoinality" name="tc_013RoundTripCalendarEnabled" time="9.146"/>
</testsuite> <!-- spicejettest.TC_013RoundtripCalendarEnableFunctoinality -->
