<?xml version="1.0" encoding="UTF-8"?>
<!-- Generated by org.testng.reporters.JUnitReportReporter -->
<testsuite hostname="Lishanth" failures="0" tests="6" name="spicejettest.TC_003LoginPagePhNoSpiceJet" time="73.994" errors="0" timestamp="2024-08-29T01:18:11 GST" skipped="0">
  <testcase classname="spicejettest.TC_003LoginPagePhNoSpiceJet" name="tc_003_LoginPhNoFunctionalitySpiceJet" time="5.224"/>
  <testcase classname="spicejettest.TC_003LoginPagePhNoSpiceJet" name="tc_003_LoginPhNoFunctionalitySpiceJet" time="15.447"/>
  <testcase classname="spicejettest.TC_003LoginPagePhNoSpiceJet" name="tc_003_LoginPhNoFunctionalitySpiceJet" time="9.452"/>
  <testcase classname="spicejettest.TC_003LoginPagePhNoSpiceJet" name="tc_003_LoginPhNoFunctionalitySpiceJet" time="18.931"/>
  <testcase classname="spicejettest.TC_003LoginPagePhNoSpiceJet" name="tc_003_LoginPhNoFunctionalitySpiceJet" time="9.653"/>
  <testcase classname="spicejettest.TC_003LoginPagePhNoSpiceJet" name="tc_003_LoginPhNoFunctionalitySpiceJet" time="15.287"/>
</testsuite> <!-- spicejettest.TC_003LoginPagePhNoSpiceJet -->
