<?xml version="1.0" encoding="UTF-8"?>
<!-- Generated by org.testng.reporters.JUnitReportReporter -->
<testsuite hostname="Lishanth" failures="0" tests="1" name="spicejettest.TC_012RoundTripSpiceJet" time="21.036" errors="0" timestamp="2024-08-29T02:12:52 GST" skipped="0">
  <testcase classname="spicejettest.TC_012RoundTripSpiceJet" name="tc_012_RoundTripFlightSpiceJet" time="21.036"/>
</testsuite> <!-- spicejettest.TC_012RoundTripSpiceJet -->
