<?xml version="1.0" encoding="UTF-8"?>
<!-- Generated by org.testng.reporters.JUnitReportReporter -->
<testsuite hostname="Lishanth" failures="0" tests="3" name="spicejettest.TC_003LoginPageSpiceJet" time="72.832" errors="0" timestamp="2024-08-21T09:44:40 GST" skipped="0">
  <testcase classname="spicejettest.TC_003LoginPageSpiceJet" name="tc_003_LoginFunctionalitySpiceJet" time="26.616"/>
  <testcase classname="spicejettest.TC_003LoginPageSpiceJet" name="tc_003_LoginFunctionalitySpiceJet" time="25.778"/>
  <testcase classname="spicejettest.TC_003LoginPageSpiceJet" name="tc_003_LoginFunctionalitySpiceJet" time="20.438"/>
</testsuite> <!-- spicejettest.TC_003LoginPageSpiceJet -->
