<?xml version="1.0" encoding="UTF-8"?>
<!-- Generated by org.testng.reporters.JUnitReportReporter -->
<testsuite hostname="Lishanth" failures="0" tests="1" name="spicejettest.TC_007PaymentDetailsSpiceJet" time="60.090" errors="0" timestamp="2024-08-29T01:14:28 GST" skipped="0">
  <testcase classname="spicejettest.TC_007PaymentDetailsSpiceJet" name="tc_007_PaymentDetailsSpiceJet" time="60.090"/>
</testsuite> <!-- spicejettest.TC_007PaymentDetailsSpiceJet -->
