<?xml version="1.0" encoding="UTF-8"?>
<!-- Generated by org.testng.reporters.JUnitReportReporter -->
<testsuite hostname="Lishanth" failures="0" tests="1" name="spicejettest.TC_010ValidateFields" time="7.081" errors="0" timestamp="2024-08-29T01:18:11 GST" skipped="0">
  <testcase classname="spicejettest.TC_010ValidateFields" name="tc_010_ValidateFieldsInHomePage" time="7.081"/>
</testsuite> <!-- spicejettest.TC_010ValidateFields -->
