<?xml version="1.0" encoding="UTF-8"?>
<!-- Generated by org.testng.reporters.JUnitReportReporter -->
<testsuite hostname="Lishanth" failures="0" tests="1" name="spicejettest.TC_015SessionTimeOutSpiceJet" time="800.525" errors="0" timestamp="2024-08-29T09:33:39 GST" skipped="0">
  <testcase classname="spicejettest.TC_015SessionTimeOutSpiceJet" name="tc_015_SessionTimeoutSpiceJet" time="800.525"/>
</testsuite> <!-- spicejettest.TC_015SessionTimeOutSpiceJet -->
