<?xml version="1.0" encoding="UTF-8"?>
<!-- Generated by org.testng.reporters.JUnitReportReporter -->
<testsuite hostname="Lishanth" failures="0" tests="8" name="spicejettest.TC_009AddtionalTasksSpiceJet" time="81.231" errors="0" timestamp="2024-08-29T02:12:52 GST" skipped="0">
  <testcase classname="spicejettest.TC_009AddtionalTasksSpiceJet" name="tc_009_A_LoginEmailFunctionlitySpicejet" time="16.296"/>
  <testcase classname="spicejettest.TC_009AddtionalTasksSpiceJet" name="tc_009_A_LoginEmailFunctionlitySpicejet" time="10.371"/>
  <testcase classname="spicejettest.TC_009AddtionalTasksSpiceJet" name="tc_009_B_DefaultOnewayRadioButtonIsEnabledInFlightSearch" time="7.465"/>
  <testcase classname="spicejettest.TC_009AddtionalTasksSpiceJet" name="tc_009_A_LoginEmailFunctionlitySpicejet" time="9.437"/>
  <testcase classname="spicejettest.TC_009AddtionalTasksSpiceJet" name="tc_009_A_LoginEmailFunctionlitySpicejet" time="10.133"/>
  <testcase classname="spicejettest.TC_009AddtionalTasksSpiceJet" name="tc_009_A_LoginEmailFunctionlitySpicejet" time="4.123"/>
  <testcase classname="spicejettest.TC_009AddtionalTasksSpiceJet" name="tc_009_A_LoginEmailFunctionlitySpicejet" time="13.645"/>
  <testcase classname="spicejettest.TC_009AddtionalTasksSpiceJet" name="tc_009_A_LoginEmailFunctionlitySpicejet" time="9.761"/>
</testsuite> <!-- spicejettest.TC_009AddtionalTasksSpiceJet -->
