<?xml version="1.0" encoding="UTF-8"?>
<!-- Generated by org.testng.reporters.JUnitReportReporter -->
<testsuite hostname="Lishanth" failures="0" tests="4" name="spicejettest.TC_002SignInPart1SpiceJet" time="85.477" errors="0" timestamp="2024-08-29T05:03:19 GST" skipped="0">
  <testcase classname="spicejettest.TC_002SignInPart1SpiceJet" name="tc_002_SignInSpiceJet" time="15.597"/>
  <testcase classname="spicejettest.TC_002SignInPart1SpiceJet" name="tc_002_SignInSpiceJet" time="31.435"/>
  <testcase classname="spicejettest.TC_002SignInPart1SpiceJet" name="tc_002_SignInSpiceJet" time="21.208"/>
  <testcase classname="spicejettest.TC_002SignInPart1SpiceJet" name="tc_002_SignInSpiceJet" time="17.237"/>
</testsuite> <!-- spicejettest.TC_002SignInPart1SpiceJet -->
