<?xml version="1.0" encoding="UTF-8"?>
<!-- Generated by org.testng.reporters.JUnitReportReporter -->
<testsuite hostname="Lishanth" failures="0" tests="3" name="spicejettest.TC_008AddtionalTask" time="50.743" errors="0" timestamp="2024-08-26T19:16:49 GST" skipped="0">
  <testcase classname="spicejettest.TC_008AddtionalTask" name="tc_008_LoginForgotFunctionalitySpiceJet" time="16.732"/>
  <testcase classname="spicejettest.TC_008AddtionalTask" name="tc_008_LoginForgotFunctionalitySpiceJet" time="12.657"/>
  <testcase classname="spicejettest.TC_008AddtionalTask" name="tc_008_LoginForgotFunctionalitySpiceJet" time="21.354"/>
</testsuite> <!-- spicejettest.TC_008AddtionalTask -->
