<?xml version="1.0" encoding="UTF-8"?>
<!-- Generated by org.testng.reporters.JUnitReportReporter -->
<testsuite hostname="Lishanth" failures="0" tests="1" name="spicejettest.TC_014LogoutFunctionality" time="17.858" errors="0" timestamp="2024-08-29T01:18:11 GST" skipped="0">
  <testcase classname="spicejettest.TC_014LogoutFunctionality" name="tc_008_C_LogoutFunctionality" time="17.858"/>
</testsuite> <!-- spicejettest.TC_014LogoutFunctionality -->
