<?xml version="1.0" encoding="UTF-8"?>
<!-- Generated by org.testng.reporters.JUnitReportReporter -->
<testsuite hostname="Lishanth" failures="0" tests="1" name="spicejettest.TC_009AddtionalTask" time="25.591" errors="0" timestamp="2024-08-26T19:53:02 GST" skipped="0">
  <testcase classname="spicejettest.TC_009AddtionalTask" name="tc_009_DefaultOnewayRadioButtonIsEnabledInFlightSearch" time="25.591"/>
</testsuite> <!-- spicejettest.TC_009AddtionalTask -->
