<?xml version="1.0" encoding="UTF-8"?>
<!-- Generated by org.testng.reporters.JUnitReportReporter -->
<testsuite hostname="Lishanth" failures="0" tests="2" name="spicejettest.TC_001NavigateurlSpicejet" time="15.774" errors="0" timestamp="2024-08-29T01:18:11 GST" skipped="0">
  <testcase classname="spicejettest.TC_001NavigateurlSpicejet" name="tc_001_B_validatebrokenurlSpieJet" time="8.274"/>
  <testcase classname="spicejettest.TC_001NavigateurlSpicejet" name="tc_001_A_navigateToSpiceJet" time="7.500"/>
</testsuite> <!-- spicejettest.TC_001NavigateurlSpicejet -->
