<?xml version="1.0" encoding="UTF-8"?>
<!-- Generated by org.testng.reporters.JUnitReportReporter -->
<testsuite hostname="Lishanth" failures="0" tests="9" name="spicejettest.TC_016SignInPart2SpiceJet" time="180.450" errors="0" timestamp="2024-08-29T04:49:48 GST" skipped="0">
  <testcase classname="spicejettest.TC_016SignInPart2SpiceJet" name="tc_016_SignInPart2_SpiceJet" time="21.353"/>
  <testcase classname="spicejettest.TC_016SignInPart2SpiceJet" name="tc_016_SignInPart2_SpiceJet" time="19.542"/>
  <testcase classname="spicejettest.TC_016SignInPart2SpiceJet" name="tc_016_SignInPart2_SpiceJet" time="17.565"/>
  <testcase classname="spicejettest.TC_016SignInPart2SpiceJet" name="tc_016_SignInPart2_SpiceJet" time="17.377"/>
  <testcase classname="spicejettest.TC_016SignInPart2SpiceJet" name="tc_016_SignInPart2_SpiceJet" time="14.394"/>
  <testcase classname="spicejettest.TC_016SignInPart2SpiceJet" name="tc_016_SignInPart2_SpiceJet" time="17.578"/>
  <testcase classname="spicejettest.TC_016SignInPart2SpiceJet" name="tc_016_SignInPart2_SpiceJet" time="17.475"/>
  <testcase classname="spicejettest.TC_016SignInPart2SpiceJet" name="tc_016_SignInPart2_SpiceJet" time="24.855"/>
  <testcase classname="spicejettest.TC_016SignInPart2SpiceJet" name="tc_016_SignInPart2_SpiceJet" time="30.311"/>
</testsuite> <!-- spicejettest.TC_016SignInPart2SpiceJet -->
