<?xml version="1.0" encoding="UTF-8"?>
<!-- Generated by org.testng.reporters.JUnitReportReporter -->
<testsuite hostname="Lishanth" failures="0" tests="1" name="spicejettest.TC_005PassengerDetailsSpiceJet" time="31.568" errors="0" timestamp="2024-08-29T01:14:28 GST" skipped="0">
  <testcase classname="spicejettest.TC_005PassengerDetailsSpiceJet" name="tc_005_PassengerDetails" time="31.568"/>
</testsuite> <!-- spicejettest.TC_005PassengerDetailsSpiceJet -->
