<?xml version="1.0" encoding="UTF-8"?>
<!-- Generated by org.testng.reporters.JUnitReportReporter -->
<testsuite hostname="Lishanth" failures="0" tests="4" name="spicejettest.TC_008AddtionalTasksSpiceJet" time="30.211" errors="0" timestamp="2024-08-29T02:12:52 GST" skipped="1">
  <testcase classname="spicejettest.TC_008AddtionalTasksSpiceJet" name="tc_008_A_LoginForgotFunctionalitySpiceJet" time="10.220"/>
  <testcase classname="spicejettest.TC_008AddtionalTasksSpiceJet" name="tc_008_A_LoginForgotFunctionalitySpiceJet" time="9.897"/>
  <testcase classname="spicejettest.TC_008AddtionalTasksSpiceJet" name="tc_008_A_LoginForgotFunctionalitySpiceJet" time="10.094"/>
  <testcase classname="spicejettest.TC_008AddtionalTasksSpiceJet" name="tc_008_B_ValidateBrokenLinksofHomePage">
    <skipped/>
  </testcase> <!-- tc_008_B_ValidateBrokenLinksofHomePage -->
</testsuite> <!-- spicejettest.TC_008AddtionalTasksSpiceJet -->
