<?xml version="1.0" encoding="UTF-8"?>
<!-- Generated by org.testng.reporters.JUnitReportReporter -->
<testsuite hostname="Lishanth" failures="0" tests="1" name="spicejettest.TC_011SignInTestCaseAllEmptyFields" time="15.957" errors="0" timestamp="2024-08-29T05:09:26 GST" skipped="0">
  <testcase classname="spicejettest.TC_011SignInTestCaseAllEmptyFields" name="tc_011_SignInAllEmptyFieldsSpiceJet" time="15.957"/>
</testsuite> <!-- spicejettest.TC_011SignInTestCaseAllEmptyFields -->
